This is pdfTeX, Version 3.141592653-2.6-1.40.28 (TeX Live 2025) (preloaded format=pdflatex 2025.7.19)  11 AUG 2025 17:38
entering extended mode
 restricted \write18 enabled.
 %&-line parsing enabled.
**combined_neural_networks.tex
(./combined_neural_networks.tex
LaTeX2e <2025-06-01> patch level 1
L3 programming layer <2025-07-11>
(/home/chandru/binp37/bin/texlive_2025/texmf-dist/tex/latex/base/article.cls
Document Class: article 2025/01/22 v1.4n Standard LaTeX document class
(/home/chandru/binp37/bin/texlive_2025/texmf-dist/tex/latex/base/size10.clo
File: size10.clo 2025/01/22 v1.4n Standard LaTeX file (size option)
)
\c@part=\count275
\c@section=\count276
\c@subsection=\count277
\c@subsubsection=\count278
\c@paragraph=\count279
\c@subparagraph=\count280
\c@figure=\count281
\c@table=\count282
\abovecaptionskip=\skip49
\belowcaptionskip=\skip50
\bibindent=\dimen148
)
(/home/chandru/binp37/bin/texlive_2025/texmf-dist/tex/latex/geometry/geometry.s
ty
Package: geometry 2020/01/02 v5.9 Page Geometry

(/home/chandru/binp37/bin/texlive_2025/texmf-dist/tex/latex/graphics/keyval.sty
Package: keyval 2022/05/29 v1.15 key=value parser (DPC)
\KV@toks@=\toks17
)
(/home/chandru/binp37/bin/texlive_2025/texmf-dist/tex/generic/iftex/ifvtex.sty
Package: ifvtex 2019/10/25 v1.7 ifvtex legacy package. Use iftex instead.

(/home/chandru/binp37/bin/texlive_2025/texmf-dist/tex/generic/iftex/iftex.sty
Package: iftex 2024/12/12 v1.0g TeX engine tests
))
\Gm@cnth=\count283
\Gm@cntv=\count284
\c@Gm@tempcnt=\count285
\Gm@bindingoffset=\dimen149
\Gm@wd@mp=\dimen150
\Gm@odd@mp=\dimen151
\Gm@even@mp=\dimen152
\Gm@layoutwidth=\dimen153
\Gm@layoutheight=\dimen154
\Gm@layouthoffset=\dimen155
\Gm@layoutvoffset=\dimen156
\Gm@dimlist=\toks18
)
(/home/chandru/binp37/bin/texlive_2025/texmf-dist/tex/latex/pgf/frontendlayer/t
ikz.sty
(/home/chandru/binp37/bin/texlive_2025/texmf-dist/tex/latex/pgf/basiclayer/pgf.
sty
(/home/chandru/binp37/bin/texlive_2025/texmf-dist/tex/latex/pgf/utilities/pgfrc
s.sty
(/home/chandru/binp37/bin/texlive_2025/texmf-dist/tex/generic/pgf/utilities/pgf
util-common.tex
\pgfutil@everybye=\toks19
\pgfutil@tempdima=\dimen157
\pgfutil@tempdimb=\dimen158
)
(/home/chandru/binp37/bin/texlive_2025/texmf-dist/tex/generic/pgf/utilities/pgf
util-latex.def
\pgfutil@abb=\box53
)
(/home/chandru/binp37/bin/texlive_2025/texmf-dist/tex/generic/pgf/utilities/pgf
rcs.code.tex
(/home/chandru/binp37/bin/texlive_2025/texmf-dist/tex/generic/pgf/pgf.revision.
tex)
Package: pgfrcs 2023-01-15 v3.1.10 (3.1.10)
))
Package: pgf 2023-01-15 v3.1.10 (3.1.10)

(/home/chandru/binp37/bin/texlive_2025/texmf-dist/tex/latex/pgf/basiclayer/pgfc
ore.sty
(/home/chandru/binp37/bin/texlive_2025/texmf-dist/tex/latex/graphics/graphicx.s
ty
Package: graphicx 2024/12/31 v1.2e Enhanced LaTeX Graphics (DPC,SPQR)

(/home/chandru/binp37/bin/texlive_2025/texmf-dist/tex/latex/graphics/graphics.s
ty
Package: graphics 2024/08/06 v1.4g Standard LaTeX Graphics (DPC,SPQR)

(/home/chandru/binp37/bin/texlive_2025/texmf-dist/tex/latex/graphics/trig.sty
Package: trig 2023/12/02 v1.11 sin cos tan (DPC)
)
(/home/chandru/binp37/bin/texlive_2025/texmf-dist/tex/latex/graphics-cfg/graphi
cs.cfg
File: graphics.cfg 2016/06/04 v1.11 sample graphics configuration
)
Package graphics Info: Driver file: pdftex.def on input line 106.

(/home/chandru/binp37/bin/texlive_2025/texmf-dist/tex/latex/graphics-def/pdftex
.def
File: pdftex.def 2024/04/13 v1.2c Graphics/color driver for pdftex
))
\Gin@req@height=\dimen159
\Gin@req@width=\dimen160
)
(/home/chandru/binp37/bin/texlive_2025/texmf-dist/tex/latex/pgf/systemlayer/pgf
sys.sty
(/home/chandru/binp37/bin/texlive_2025/texmf-dist/tex/generic/pgf/systemlayer/p
gfsys.code.tex
Package: pgfsys 2023-01-15 v3.1.10 (3.1.10)

(/home/chandru/binp37/bin/texlive_2025/texmf-dist/tex/generic/pgf/utilities/pgf
keys.code.tex
\pgfkeys@pathtoks=\toks20
\pgfkeys@temptoks=\toks21

(/home/chandru/binp37/bin/texlive_2025/texmf-dist/tex/generic/pgf/utilities/pgf
keyslibraryfiltered.code.tex
\pgfkeys@tmptoks=\toks22
))
\pgf@x=\dimen161
\pgf@y=\dimen162
\pgf@xa=\dimen163
\pgf@ya=\dimen164
\pgf@xb=\dimen165
\pgf@yb=\dimen166
\pgf@xc=\dimen167
\pgf@yc=\dimen168
\pgf@xd=\dimen169
\pgf@yd=\dimen170
\w@pgf@writea=\write3
\r@pgf@reada=\read2
\c@pgf@counta=\count286
\c@pgf@countb=\count287
\c@pgf@countc=\count288
\c@pgf@countd=\count289
\t@pgf@toka=\toks23
\t@pgf@tokb=\toks24
\t@pgf@tokc=\toks25
\pgf@sys@id@count=\count290

(/home/chandru/binp37/bin/texlive_2025/texmf-dist/tex/generic/pgf/systemlayer/p
gf.cfg
File: pgf.cfg 2023-01-15 v3.1.10 (3.1.10)
)
Driver file for pgf: pgfsys-pdftex.def

(/home/chandru/binp37/bin/texlive_2025/texmf-dist/tex/generic/pgf/systemlayer/p
gfsys-pdftex.def
File: pgfsys-pdftex.def 2023-01-15 v3.1.10 (3.1.10)

(/home/chandru/binp37/bin/texlive_2025/texmf-dist/tex/generic/pgf/systemlayer/p
gfsys-common-pdf.def
File: pgfsys-common-pdf.def 2023-01-15 v3.1.10 (3.1.10)
)))
(/home/chandru/binp37/bin/texlive_2025/texmf-dist/tex/generic/pgf/systemlayer/p
gfsyssoftpath.code.tex
File: pgfsyssoftpath.code.tex 2023-01-15 v3.1.10 (3.1.10)
\pgfsyssoftpath@smallbuffer@items=\count291
\pgfsyssoftpath@bigbuffer@items=\count292
)
(/home/chandru/binp37/bin/texlive_2025/texmf-dist/tex/generic/pgf/systemlayer/p
gfsysprotocol.code.tex
File: pgfsysprotocol.code.tex 2023-01-15 v3.1.10 (3.1.10)
))
(/home/chandru/binp37/bin/texlive_2025/texmf-dist/tex/latex/xcolor/xcolor.sty
Package: xcolor 2024/09/29 v3.02 LaTeX color extensions (UK)

(/home/chandru/binp37/bin/texlive_2025/texmf-dist/tex/latex/graphics-cfg/color.
cfg
File: color.cfg 2016/01/02 v1.6 sample color configuration
)
Package xcolor Info: Driver file: pdftex.def on input line 274.

(/home/chandru/binp37/bin/texlive_2025/texmf-dist/tex/latex/graphics/mathcolor.
ltx)
Package xcolor Info: Model `cmy' substituted by `cmy0' on input line 1349.
Package xcolor Info: Model `hsb' substituted by `rgb' on input line 1353.
Package xcolor Info: Model `RGB' extended on input line 1365.
Package xcolor Info: Model `HTML' substituted by `rgb' on input line 1367.
Package xcolor Info: Model `Hsb' substituted by `hsb' on input line 1368.
Package xcolor Info: Model `tHsb' substituted by `hsb' on input line 1369.
Package xcolor Info: Model `HSB' substituted by `hsb' on input line 1370.
Package xcolor Info: Model `Gray' substituted by `gray' on input line 1371.
Package xcolor Info: Model `wave' substituted by `hsb' on input line 1372.
)
(/home/chandru/binp37/bin/texlive_2025/texmf-dist/tex/generic/pgf/basiclayer/pg
fcore.code.tex
Package: pgfcore 2023-01-15 v3.1.10 (3.1.10)

(/home/chandru/binp37/bin/texlive_2025/texmf-dist/tex/generic/pgf/math/pgfmath.
code.tex
(/home/chandru/binp37/bin/texlive_2025/texmf-dist/tex/generic/pgf/math/pgfmathu
til.code.tex)
(/home/chandru/binp37/bin/texlive_2025/texmf-dist/tex/generic/pgf/math/pgfmathp
arser.code.tex
\pgfmath@dimen=\dimen171
\pgfmath@count=\count293
\pgfmath@box=\box54
\pgfmath@toks=\toks26
\pgfmath@stack@operand=\toks27
\pgfmath@stack@operation=\toks28
)
(/home/chandru/binp37/bin/texlive_2025/texmf-dist/tex/generic/pgf/math/pgfmathf
unctions.code.tex)
(/home/chandru/binp37/bin/texlive_2025/texmf-dist/tex/generic/pgf/math/pgfmathf
unctions.basic.code.tex)
(/home/chandru/binp37/bin/texlive_2025/texmf-dist/tex/generic/pgf/math/pgfmathf
unctions.trigonometric.code.tex)
(/home/chandru/binp37/bin/texlive_2025/texmf-dist/tex/generic/pgf/math/pgfmathf
unctions.random.code.tex)
(/home/chandru/binp37/bin/texlive_2025/texmf-dist/tex/generic/pgf/math/pgfmathf
unctions.comparison.code.tex)
(/home/chandru/binp37/bin/texlive_2025/texmf-dist/tex/generic/pgf/math/pgfmathf
unctions.base.code.tex)
(/home/chandru/binp37/bin/texlive_2025/texmf-dist/tex/generic/pgf/math/pgfmathf
unctions.round.code.tex)
(/home/chandru/binp37/bin/texlive_2025/texmf-dist/tex/generic/pgf/math/pgfmathf
unctions.misc.code.tex)
(/home/chandru/binp37/bin/texlive_2025/texmf-dist/tex/generic/pgf/math/pgfmathf
unctions.integerarithmetics.code.tex)
(/home/chandru/binp37/bin/texlive_2025/texmf-dist/tex/generic/pgf/math/pgfmathc
alc.code.tex)
(/home/chandru/binp37/bin/texlive_2025/texmf-dist/tex/generic/pgf/math/pgfmathf
loat.code.tex
\c@pgfmathroundto@lastzeros=\count294
))
(/home/chandru/binp37/bin/texlive_2025/texmf-dist/tex/generic/pgf/math/pgfint.c
ode.tex)
(/home/chandru/binp37/bin/texlive_2025/texmf-dist/tex/generic/pgf/basiclayer/pg
fcorepoints.code.tex
File: pgfcorepoints.code.tex 2023-01-15 v3.1.10 (3.1.10)
\pgf@picminx=\dimen172
\pgf@picmaxx=\dimen173
\pgf@picminy=\dimen174
\pgf@picmaxy=\dimen175
\pgf@pathminx=\dimen176
\pgf@pathmaxx=\dimen177
\pgf@pathminy=\dimen178
\pgf@pathmaxy=\dimen179
\pgf@xx=\dimen180
\pgf@xy=\dimen181
\pgf@yx=\dimen182
\pgf@yy=\dimen183
\pgf@zx=\dimen184
\pgf@zy=\dimen185
)
(/home/chandru/binp37/bin/texlive_2025/texmf-dist/tex/generic/pgf/basiclayer/pg
fcorepathconstruct.code.tex
File: pgfcorepathconstruct.code.tex 2023-01-15 v3.1.10 (3.1.10)
\pgf@path@lastx=\dimen186
\pgf@path@lasty=\dimen187
)
(/home/chandru/binp37/bin/texlive_2025/texmf-dist/tex/generic/pgf/basiclayer/pg
fcorepathusage.code.tex
File: pgfcorepathusage.code.tex 2023-01-15 v3.1.10 (3.1.10)
\pgf@shorten@end@additional=\dimen188
\pgf@shorten@start@additional=\dimen189
)
(/home/chandru/binp37/bin/texlive_2025/texmf-dist/tex/generic/pgf/basiclayer/pg
fcorescopes.code.tex
File: pgfcorescopes.code.tex 2023-01-15 v3.1.10 (3.1.10)
\pgfpic=\box55
\pgf@hbox=\box56
\pgf@layerbox@main=\box57
\pgf@picture@serial@count=\count295
)
(/home/chandru/binp37/bin/texlive_2025/texmf-dist/tex/generic/pgf/basiclayer/pg
fcoregraphicstate.code.tex
File: pgfcoregraphicstate.code.tex 2023-01-15 v3.1.10 (3.1.10)
\pgflinewidth=\dimen190
)
(/home/chandru/binp37/bin/texlive_2025/texmf-dist/tex/generic/pgf/basiclayer/pg
fcoretransformations.code.tex
File: pgfcoretransformations.code.tex 2023-01-15 v3.1.10 (3.1.10)
\pgf@pt@x=\dimen191
\pgf@pt@y=\dimen192
\pgf@pt@temp=\dimen193
)
(/home/chandru/binp37/bin/texlive_2025/texmf-dist/tex/generic/pgf/basiclayer/pg
fcorequick.code.tex
File: pgfcorequick.code.tex 2023-01-15 v3.1.10 (3.1.10)
)
(/home/chandru/binp37/bin/texlive_2025/texmf-dist/tex/generic/pgf/basiclayer/pg
fcoreobjects.code.tex
File: pgfcoreobjects.code.tex 2023-01-15 v3.1.10 (3.1.10)
)
(/home/chandru/binp37/bin/texlive_2025/texmf-dist/tex/generic/pgf/basiclayer/pg
fcorepathprocessing.code.tex
File: pgfcorepathprocessing.code.tex 2023-01-15 v3.1.10 (3.1.10)
)
(/home/chandru/binp37/bin/texlive_2025/texmf-dist/tex/generic/pgf/basiclayer/pg
fcorearrows.code.tex
File: pgfcorearrows.code.tex 2023-01-15 v3.1.10 (3.1.10)
\pgfarrowsep=\dimen194
)
(/home/chandru/binp37/bin/texlive_2025/texmf-dist/tex/generic/pgf/basiclayer/pg
fcoreshade.code.tex
File: pgfcoreshade.code.tex 2023-01-15 v3.1.10 (3.1.10)
\pgf@max=\dimen195
\pgf@sys@shading@range@num=\count296
\pgf@shadingcount=\count297
)
(/home/chandru/binp37/bin/texlive_2025/texmf-dist/tex/generic/pgf/basiclayer/pg
fcoreimage.code.tex
File: pgfcoreimage.code.tex 2023-01-15 v3.1.10 (3.1.10)
)
(/home/chandru/binp37/bin/texlive_2025/texmf-dist/tex/generic/pgf/basiclayer/pg
fcoreexternal.code.tex
File: pgfcoreexternal.code.tex 2023-01-15 v3.1.10 (3.1.10)
\pgfexternal@startupbox=\box58
)
(/home/chandru/binp37/bin/texlive_2025/texmf-dist/tex/generic/pgf/basiclayer/pg
fcorelayers.code.tex
File: pgfcorelayers.code.tex 2023-01-15 v3.1.10 (3.1.10)
)
(/home/chandru/binp37/bin/texlive_2025/texmf-dist/tex/generic/pgf/basiclayer/pg
fcoretransparency.code.tex
File: pgfcoretransparency.code.tex 2023-01-15 v3.1.10 (3.1.10)
)
(/home/chandru/binp37/bin/texlive_2025/texmf-dist/tex/generic/pgf/basiclayer/pg
fcorepatterns.code.tex
File: pgfcorepatterns.code.tex 2023-01-15 v3.1.10 (3.1.10)
)
(/home/chandru/binp37/bin/texlive_2025/texmf-dist/tex/generic/pgf/basiclayer/pg
fcorerdf.code.tex
File: pgfcorerdf.code.tex 2023-01-15 v3.1.10 (3.1.10)
)))
(/home/chandru/binp37/bin/texlive_2025/texmf-dist/tex/generic/pgf/modules/pgfmo
duleshapes.code.tex
File: pgfmoduleshapes.code.tex 2023-01-15 v3.1.10 (3.1.10)
\pgfnodeparttextbox=\box59
)
(/home/chandru/binp37/bin/texlive_2025/texmf-dist/tex/generic/pgf/modules/pgfmo
duleplot.code.tex
File: pgfmoduleplot.code.tex 2023-01-15 v3.1.10 (3.1.10)
)
(/home/chandru/binp37/bin/texlive_2025/texmf-dist/tex/latex/pgf/compatibility/p
gfcomp-version-0-65.sty
Package: pgfcomp-version-0-65 2023-01-15 v3.1.10 (3.1.10)
\pgf@nodesepstart=\dimen196
\pgf@nodesepend=\dimen197
)
(/home/chandru/binp37/bin/texlive_2025/texmf-dist/tex/latex/pgf/compatibility/p
gfcomp-version-1-18.sty
Package: pgfcomp-version-1-18 2023-01-15 v3.1.10 (3.1.10)
))
(/home/chandru/binp37/bin/texlive_2025/texmf-dist/tex/latex/pgf/utilities/pgffo
r.sty
(/home/chandru/binp37/bin/texlive_2025/texmf-dist/tex/latex/pgf/utilities/pgfke
ys.sty
(/home/chandru/binp37/bin/texlive_2025/texmf-dist/tex/generic/pgf/utilities/pgf
keys.code.tex))
(/home/chandru/binp37/bin/texlive_2025/texmf-dist/tex/latex/pgf/math/pgfmath.st
y
(/home/chandru/binp37/bin/texlive_2025/texmf-dist/tex/generic/pgf/math/pgfmath.
code.tex))
(/home/chandru/binp37/bin/texlive_2025/texmf-dist/tex/generic/pgf/utilities/pgf
for.code.tex
Package: pgffor 2023-01-15 v3.1.10 (3.1.10)
\pgffor@iter=\dimen198
\pgffor@skip=\dimen199
\pgffor@stack=\toks29
\pgffor@toks=\toks30
))
(/home/chandru/binp37/bin/texlive_2025/texmf-dist/tex/generic/pgf/frontendlayer
/tikz/tikz.code.tex
Package: tikz 2023-01-15 v3.1.10 (3.1.10)

(/home/chandru/binp37/bin/texlive_2025/texmf-dist/tex/generic/pgf/libraries/pgf
libraryplothandlers.code.tex
File: pgflibraryplothandlers.code.tex 2023-01-15 v3.1.10 (3.1.10)
\pgf@plot@mark@count=\count298
\pgfplotmarksize=\dimen256
)
\tikz@lastx=\dimen257
\tikz@lasty=\dimen258
\tikz@lastxsaved=\dimen259
\tikz@lastysaved=\dimen260
\tikz@lastmovetox=\dimen261
\tikz@lastmovetoy=\dimen262
\tikzleveldistance=\dimen263
\tikzsiblingdistance=\dimen264
\tikz@figbox=\box60
\tikz@figbox@bg=\box61
\tikz@tempbox=\box62
\tikz@tempbox@bg=\box63
\tikztreelevel=\count299
\tikznumberofchildren=\count300
\tikznumberofcurrentchild=\count301
\tikz@fig@count=\count302

(/home/chandru/binp37/bin/texlive_2025/texmf-dist/tex/generic/pgf/modules/pgfmo
dulematrix.code.tex
File: pgfmodulematrix.code.tex 2023-01-15 v3.1.10 (3.1.10)
\pgfmatrixcurrentrow=\count303
\pgfmatrixcurrentcolumn=\count304
\pgf@matrix@numberofcolumns=\count305
)
\tikz@expandcount=\count306

(/home/chandru/binp37/bin/texlive_2025/texmf-dist/tex/generic/pgf/frontendlayer
/tikz/libraries/tikzlibrarytopaths.code.tex
File: tikzlibrarytopaths.code.tex 2023-01-15 v3.1.10 (3.1.10)
)))
(/home/chandru/binp37/bin/texlive_2025/texmf-dist/tex/generic/pgf/frontendlayer
/tikz/libraries/tikzlibraryshapes.geometric.code.tex
File: tikzlibraryshapes.geometric.code.tex 2023-01-15 v3.1.10 (3.1.10)

(/home/chandru/binp37/bin/texlive_2025/texmf-dist/tex/generic/pgf/libraries/sha
pes/pgflibraryshapes.geometric.code.tex
File: pgflibraryshapes.geometric.code.tex 2023-01-15 v3.1.10 (3.1.10)
))
(/home/chandru/binp37/bin/texlive_2025/texmf-dist/tex/generic/pgf/libraries/pgf
libraryarrows.meta.code.tex
File: pgflibraryarrows.meta.code.tex 2023-01-15 v3.1.10 (3.1.10)
\pgfarrowinset=\dimen265
\pgfarrowlength=\dimen266
\pgfarrowwidth=\dimen267
\pgfarrowlinewidth=\dimen268
)
(/home/chandru/binp37/bin/texlive_2025/texmf-dist/tex/generic/pgf/frontendlayer
/tikz/libraries/tikzlibrarypositioning.code.tex
File: tikzlibrarypositioning.code.tex 2023-01-15 v3.1.10 (3.1.10)
)
(/home/chandru/binp37/bin/texlive_2025/texmf-dist/tex/latex/l3backend/l3backend
-pdftex.def
File: l3backend-pdftex.def 2025-06-09 L3 backend support: PDF output (pdfTeX)
\l__color_backend_stack_int=\count307
) (./combined_neural_networks.aux)
\openout1 = `combined_neural_networks.aux'.

LaTeX Font Info:    Checking defaults for OML/cmm/m/it on input line 15.
LaTeX Font Info:    ... okay on input line 15.
LaTeX Font Info:    Checking defaults for OMS/cmsy/m/n on input line 15.
LaTeX Font Info:    ... okay on input line 15.
LaTeX Font Info:    Checking defaults for OT1/cmr/m/n on input line 15.
LaTeX Font Info:    ... okay on input line 15.
LaTeX Font Info:    Checking defaults for T1/cmr/m/n on input line 15.
LaTeX Font Info:    ... okay on input line 15.
LaTeX Font Info:    Checking defaults for TS1/cmr/m/n on input line 15.
LaTeX Font Info:    ... okay on input line 15.
LaTeX Font Info:    Checking defaults for OMX/cmex/m/n on input line 15.
LaTeX Font Info:    ... okay on input line 15.
LaTeX Font Info:    Checking defaults for U/cmr/m/n on input line 15.
LaTeX Font Info:    ... okay on input line 15.

*geometry* driver: auto-detecting
*geometry* detected driver: pdftex
*geometry* verbose mode - [ preamble ] result:
* driver: pdftex
* paper: <default>
* layout: <same size as paper>
* layoutoffset:(h,v)=(0.0pt,0.0pt)
* modes: 
* h-part:(L,W,R)=(36.135pt, 542.02501pt, 36.135pt)
* v-part:(T,H,B)=(36.135pt, 722.7pt, 36.135pt)
* \paperwidth=614.295pt
* \paperheight=794.96999pt
* \textwidth=542.02501pt
* \textheight=722.7pt
* \oddsidemargin=-36.135pt
* \evensidemargin=-36.135pt
* \topmargin=-73.135pt
* \headheight=12.0pt
* \headsep=25.0pt
* \topskip=10.0pt
* \footskip=30.0pt
* \marginparwidth=65.0pt
* \marginparsep=11.0pt
* \columnsep=10.0pt
* \skip\footins=9.0pt plus 4.0pt minus 2.0pt
* \hoffset=0.0pt
* \voffset=0.0pt
* \mag=1000
* \@twocolumnfalse
* \@twosidefalse
* \@mparswitchfalse
* \@reversemarginfalse
* (1in=72.27pt=25.4mm, 1cm=28.453pt)


(/home/chandru/binp37/bin/texlive_2025/texmf-dist/tex/context/base/mkii/supp-pd
f.mkii
[Loading MPS to PDF converter (version 2006.09.02).]
\scratchcounter=\count308
\scratchdimen=\dimen269
\scratchbox=\box64
\nofMPsegments=\count309
\nofMParguments=\count310
\everyMPshowfont=\toks31
\MPscratchCnt=\count311
\MPscratchDim=\dimen270
\MPnumerator=\count312
\makeMPintoPDFobject=\count313
\everyMPtoPDFconversion=\toks32
)
(/home/chandru/binp37/bin/texlive_2025/texmf-dist/tex/latex/epstopdf-pkg/epstop
df-base.sty
Package: epstopdf-base 2020-01-24 v2.11 Base part for package epstopdf
Package epstopdf-base Info: Redefining graphics rule for `.eps' on input line 4
85.

(/home/chandru/binp37/bin/texlive_2025/texmf-dist/tex/latex/latexconfig/epstopd
f-sys.cfg
File: epstopdf-sys.cfg 2010/07/13 v1.3 Configuration of (r)epstopdf for TeX Liv
e
))

LaTeX Font Warning: Font shape `OT1/cmss/bx/n' in size <16> not available
(Font)              size <17.28> substituted on input line 20.

LaTeX Font Info:    External font `cmex10' loaded for size
(Font)              <7> on input line 77.
LaTeX Font Info:    External font `cmex10' loaded for size
(Font)              <5> on input line 77.


[1

{/home/chandru/binp37/bin/texlive_2025/texmf-var/fonts/map/pdftex/updmap/pdftex
.map}] (./combined_neural_networks.aux)
 ***********
LaTeX2e <2025-06-01> patch level 1
L3 programming layer <2025-07-11>
 ***********


LaTeX Font Warning: Size substitutions with differences
(Font)              up to 1.28pt have occurred.

 ) 
Here is how much of TeX's memory you used:
 13340 strings out of 469288
 284203 string characters out of 5465677
 670810 words of memory out of 5000000
 41561 multiletter control sequences out of 15000+600000
 628319 words of font info for 45 fonts, out of 8000000 for 9000
 319 hyphenation exceptions out of 8191
 102i,8n,107p,464b,826s stack positions out of 10000i,1000n,20000p,200000b,200000s
</home/chandru/binp37/bin/texlive_2025/texmf-dist/fonts/type1/public/amsfonts
/cm/cmmi10.pfb></home/chandru/binp37/bin/texlive_2025/texmf-dist/fonts/type1/pu
blic/amsfonts/cm/cmmi7.pfb></home/chandru/binp37/bin/texlive_2025/texmf-dist/fo
nts/type1/public/amsfonts/cm/cmr10.pfb></home/chandru/binp37/bin/texlive_2025/t
exmf-dist/fonts/type1/public/amsfonts/cm/cmr7.pfb></home/chandru/binp37/bin/tex
live_2025/texmf-dist/fonts/type1/public/amsfonts/cm/cmss10.pfb></home/chandru/b
inp37/bin/texlive_2025/texmf-dist/fonts/type1/public/amsfonts/cm/cmss12.pfb></h
ome/chandru/binp37/bin/texlive_2025/texmf-dist/fonts/type1/public/amsfonts/cm/c
mssbx10.pfb></home/chandru/binp37/bin/texlive_2025/texmf-dist/fonts/type1/publi
c/amsfonts/cm/cmsy10.pfb>
Output written on combined_neural_networks.pdf (1 page, 79027 bytes).
PDF statistics:
 51 PDF objects out of 1000 (max. 8388607)
 31 compressed objects within 1 object stream
 0 named destinations out of 1000 (max. 500000)
 13 words of extra memory for PDF output out of 10000 (max. 10000000)

