This is pdfTeX, Version 3.141592653-2.6-1.40.28 (TeX Live 2025) (preloaded format=pdflatex 2025.7.19)  8 AUG 2025 20:00
entering extended mode
 restricted \write18 enabled.
 %&-line parsing enabled.
**data_splitting.tex
(./data_splitting.tex
LaTeX2e <2025-06-01> patch level 1
L3 programming layer <2025-07-11>

(/home/chandru/binp37/bin/texlive_2025/texmf-dist/tex/latex/standalone/standalo
ne.cls
Document Class: standalone 2025/02/22 v1.5a Class to compile TeX sub-files stan
dalone
(/home/chandru/binp37/bin/texlive_2025/texmf-dist/tex/latex/tools/shellesc.sty
Package: shellesc 2023/07/08 v1.0d unified shell escape interface for LaTeX
Package shellesc Info: Restricted shell escape enabled on input line 77.
)
(/home/chandru/binp37/bin/texlive_2025/texmf-dist/tex/generic/iftex/ifluatex.st
y
Package: ifluatex 2019/10/25 v1.5 ifluatex legacy package. Use iftex instead.
 (/home/chandru/binp37/bin/texlive_2025/texmf-dist/tex/generic/iftex/iftex.sty
Package: iftex 2024/12/12 v1.0g TeX engine tests
))
(/home/chandru/binp37/bin/texlive_2025/texmf-dist/tex/latex/xkeyval/xkeyval.sty
Package: xkeyval 2022/06/16 v2.9 package option processing (HA)

(/home/chandru/binp37/bin/texlive_2025/texmf-dist/tex/generic/xkeyval/xkeyval.t
ex
(/home/chandru/binp37/bin/texlive_2025/texmf-dist/tex/generic/xkeyval/xkvutils.
tex
\XKV@toks=\toks17
\XKV@tempa@toks=\toks18

(/home/chandru/binp37/bin/texlive_2025/texmf-dist/tex/generic/xkeyval/keyval.te
x))
\XKV@depth=\count275
File: xkeyval.tex 2014/12/03 v2.7a key=value parser (HA)
))
\sa@internal=\count276
\c@sapage=\count277

(/home/chandru/binp37/bin/texlive_2025/texmf-dist/tex/latex/standalone/standalo
ne.cfg
File: standalone.cfg 2025/02/22 v1.5a Default configuration file for 'standalon
e' class
)
(/home/chandru/binp37/bin/texlive_2025/texmf-dist/tex/latex/base/article.cls
Document Class: article 2025/01/22 v1.4n Standard LaTeX document class
(/home/chandru/binp37/bin/texlive_2025/texmf-dist/tex/latex/base/size10.clo
File: size10.clo 2025/01/22 v1.4n Standard LaTeX file (size option)
)
\c@part=\count278
\c@section=\count279
\c@subsection=\count280
\c@subsubsection=\count281
\c@paragraph=\count282
\c@subparagraph=\count283
\c@figure=\count284
\c@table=\count285
\abovecaptionskip=\skip49
\belowcaptionskip=\skip50
\bibindent=\dimen148
)
\sa@box=\box53
)
(/home/chandru/binp37/bin/texlive_2025/texmf-dist/tex/latex/pgf/frontendlayer/t
ikz.sty
(/home/chandru/binp37/bin/texlive_2025/texmf-dist/tex/latex/pgf/basiclayer/pgf.
sty
(/home/chandru/binp37/bin/texlive_2025/texmf-dist/tex/latex/pgf/utilities/pgfrc
s.sty
(/home/chandru/binp37/bin/texlive_2025/texmf-dist/tex/generic/pgf/utilities/pgf
util-common.tex
\pgfutil@everybye=\toks19
\pgfutil@tempdima=\dimen149
\pgfutil@tempdimb=\dimen150
)
(/home/chandru/binp37/bin/texlive_2025/texmf-dist/tex/generic/pgf/utilities/pgf
util-latex.def
\pgfutil@abb=\box54
)
(/home/chandru/binp37/bin/texlive_2025/texmf-dist/tex/generic/pgf/utilities/pgf
rcs.code.tex
(/home/chandru/binp37/bin/texlive_2025/texmf-dist/tex/generic/pgf/pgf.revision.
tex)
Package: pgfrcs 2023-01-15 v3.1.10 (3.1.10)
))
Package: pgf 2023-01-15 v3.1.10 (3.1.10)

(/home/chandru/binp37/bin/texlive_2025/texmf-dist/tex/latex/pgf/basiclayer/pgfc
ore.sty
(/home/chandru/binp37/bin/texlive_2025/texmf-dist/tex/latex/graphics/graphicx.s
ty
Package: graphicx 2024/12/31 v1.2e Enhanced LaTeX Graphics (DPC,SPQR)

(/home/chandru/binp37/bin/texlive_2025/texmf-dist/tex/latex/graphics/graphics.s
ty
Package: graphics 2024/08/06 v1.4g Standard LaTeX Graphics (DPC,SPQR)

(/home/chandru/binp37/bin/texlive_2025/texmf-dist/tex/latex/graphics/trig.sty
Package: trig 2023/12/02 v1.11 sin cos tan (DPC)
)
(/home/chandru/binp37/bin/texlive_2025/texmf-dist/tex/latex/graphics-cfg/graphi
cs.cfg
File: graphics.cfg 2016/06/04 v1.11 sample graphics configuration
)
Package graphics Info: Driver file: pdftex.def on input line 106.

(/home/chandru/binp37/bin/texlive_2025/texmf-dist/tex/latex/graphics-def/pdftex
.def
File: pdftex.def 2024/04/13 v1.2c Graphics/color driver for pdftex
))
\Gin@req@height=\dimen151
\Gin@req@width=\dimen152
)
(/home/chandru/binp37/bin/texlive_2025/texmf-dist/tex/latex/pgf/systemlayer/pgf
sys.sty
(/home/chandru/binp37/bin/texlive_2025/texmf-dist/tex/generic/pgf/systemlayer/p
gfsys.code.tex
Package: pgfsys 2023-01-15 v3.1.10 (3.1.10)

(/home/chandru/binp37/bin/texlive_2025/texmf-dist/tex/generic/pgf/utilities/pgf
keys.code.tex
\pgfkeys@pathtoks=\toks20
\pgfkeys@temptoks=\toks21

(/home/chandru/binp37/bin/texlive_2025/texmf-dist/tex/generic/pgf/utilities/pgf
keyslibraryfiltered.code.tex
\pgfkeys@tmptoks=\toks22
))
\pgf@x=\dimen153
\pgf@y=\dimen154
\pgf@xa=\dimen155
\pgf@ya=\dimen156
\pgf@xb=\dimen157
\pgf@yb=\dimen158
\pgf@xc=\dimen159
\pgf@yc=\dimen160
\pgf@xd=\dimen161
\pgf@yd=\dimen162
\w@pgf@writea=\write3
\r@pgf@reada=\read2
\c@pgf@counta=\count286
\c@pgf@countb=\count287
\c@pgf@countc=\count288
\c@pgf@countd=\count289
\t@pgf@toka=\toks23
\t@pgf@tokb=\toks24
\t@pgf@tokc=\toks25
\pgf@sys@id@count=\count290

(/home/chandru/binp37/bin/texlive_2025/texmf-dist/tex/generic/pgf/systemlayer/p
gf.cfg
File: pgf.cfg 2023-01-15 v3.1.10 (3.1.10)
)
Driver file for pgf: pgfsys-pdftex.def

(/home/chandru/binp37/bin/texlive_2025/texmf-dist/tex/generic/pgf/systemlayer/p
gfsys-pdftex.def
File: pgfsys-pdftex.def 2023-01-15 v3.1.10 (3.1.10)

(/home/chandru/binp37/bin/texlive_2025/texmf-dist/tex/generic/pgf/systemlayer/p
gfsys-common-pdf.def
File: pgfsys-common-pdf.def 2023-01-15 v3.1.10 (3.1.10)
)))
(/home/chandru/binp37/bin/texlive_2025/texmf-dist/tex/generic/pgf/systemlayer/p
gfsyssoftpath.code.tex
File: pgfsyssoftpath.code.tex 2023-01-15 v3.1.10 (3.1.10)
\pgfsyssoftpath@smallbuffer@items=\count291
\pgfsyssoftpath@bigbuffer@items=\count292
)
(/home/chandru/binp37/bin/texlive_2025/texmf-dist/tex/generic/pgf/systemlayer/p
gfsysprotocol.code.tex
File: pgfsysprotocol.code.tex 2023-01-15 v3.1.10 (3.1.10)
))
(/home/chandru/binp37/bin/texlive_2025/texmf-dist/tex/latex/xcolor/xcolor.sty
Package: xcolor 2024/09/29 v3.02 LaTeX color extensions (UK)

(/home/chandru/binp37/bin/texlive_2025/texmf-dist/tex/latex/graphics-cfg/color.
cfg
File: color.cfg 2016/01/02 v1.6 sample color configuration
)
Package xcolor Info: Driver file: pdftex.def on input line 274.

(/home/chandru/binp37/bin/texlive_2025/texmf-dist/tex/latex/graphics/mathcolor.
ltx)
Package xcolor Info: Model `cmy' substituted by `cmy0' on input line 1349.
Package xcolor Info: Model `hsb' substituted by `rgb' on input line 1353.
Package xcolor Info: Model `RGB' extended on input line 1365.
Package xcolor Info: Model `HTML' substituted by `rgb' on input line 1367.
Package xcolor Info: Model `Hsb' substituted by `hsb' on input line 1368.
Package xcolor Info: Model `tHsb' substituted by `hsb' on input line 1369.
Package xcolor Info: Model `HSB' substituted by `hsb' on input line 1370.
Package xcolor Info: Model `Gray' substituted by `gray' on input line 1371.
Package xcolor Info: Model `wave' substituted by `hsb' on input line 1372.
)
(/home/chandru/binp37/bin/texlive_2025/texmf-dist/tex/generic/pgf/basiclayer/pg
fcore.code.tex
Package: pgfcore 2023-01-15 v3.1.10 (3.1.10)

(/home/chandru/binp37/bin/texlive_2025/texmf-dist/tex/generic/pgf/math/pgfmath.
code.tex
(/home/chandru/binp37/bin/texlive_2025/texmf-dist/tex/generic/pgf/math/pgfmathu
til.code.tex)
(/home/chandru/binp37/bin/texlive_2025/texmf-dist/tex/generic/pgf/math/pgfmathp
arser.code.tex
\pgfmath@dimen=\dimen163
\pgfmath@count=\count293
\pgfmath@box=\box55
\pgfmath@toks=\toks26
\pgfmath@stack@operand=\toks27
\pgfmath@stack@operation=\toks28
)
(/home/chandru/binp37/bin/texlive_2025/texmf-dist/tex/generic/pgf/math/pgfmathf
unctions.code.tex)
(/home/chandru/binp37/bin/texlive_2025/texmf-dist/tex/generic/pgf/math/pgfmathf
unctions.basic.code.tex)
(/home/chandru/binp37/bin/texlive_2025/texmf-dist/tex/generic/pgf/math/pgfmathf
unctions.trigonometric.code.tex)
(/home/chandru/binp37/bin/texlive_2025/texmf-dist/tex/generic/pgf/math/pgfmathf
unctions.random.code.tex)
(/home/chandru/binp37/bin/texlive_2025/texmf-dist/tex/generic/pgf/math/pgfmathf
unctions.comparison.code.tex)
(/home/chandru/binp37/bin/texlive_2025/texmf-dist/tex/generic/pgf/math/pgfmathf
unctions.base.code.tex)
(/home/chandru/binp37/bin/texlive_2025/texmf-dist/tex/generic/pgf/math/pgfmathf
unctions.round.code.tex)
(/home/chandru/binp37/bin/texlive_2025/texmf-dist/tex/generic/pgf/math/pgfmathf
unctions.misc.code.tex)
(/home/chandru/binp37/bin/texlive_2025/texmf-dist/tex/generic/pgf/math/pgfmathf
unctions.integerarithmetics.code.tex)
(/home/chandru/binp37/bin/texlive_2025/texmf-dist/tex/generic/pgf/math/pgfmathc
alc.code.tex)
(/home/chandru/binp37/bin/texlive_2025/texmf-dist/tex/generic/pgf/math/pgfmathf
loat.code.tex
\c@pgfmathroundto@lastzeros=\count294
))
(/home/chandru/binp37/bin/texlive_2025/texmf-dist/tex/generic/pgf/math/pgfint.c
ode.tex)
(/home/chandru/binp37/bin/texlive_2025/texmf-dist/tex/generic/pgf/basiclayer/pg
fcorepoints.code.tex
File: pgfcorepoints.code.tex 2023-01-15 v3.1.10 (3.1.10)
\pgf@picminx=\dimen164
\pgf@picmaxx=\dimen165
\pgf@picminy=\dimen166
\pgf@picmaxy=\dimen167
\pgf@pathminx=\dimen168
\pgf@pathmaxx=\dimen169
\pgf@pathminy=\dimen170
\pgf@pathmaxy=\dimen171
\pgf@xx=\dimen172
\pgf@xy=\dimen173
\pgf@yx=\dimen174
\pgf@yy=\dimen175
\pgf@zx=\dimen176
\pgf@zy=\dimen177
)
(/home/chandru/binp37/bin/texlive_2025/texmf-dist/tex/generic/pgf/basiclayer/pg
fcorepathconstruct.code.tex
File: pgfcorepathconstruct.code.tex 2023-01-15 v3.1.10 (3.1.10)
\pgf@path@lastx=\dimen178
\pgf@path@lasty=\dimen179
)
(/home/chandru/binp37/bin/texlive_2025/texmf-dist/tex/generic/pgf/basiclayer/pg
fcorepathusage.code.tex
File: pgfcorepathusage.code.tex 2023-01-15 v3.1.10 (3.1.10)
\pgf@shorten@end@additional=\dimen180
\pgf@shorten@start@additional=\dimen181
)
(/home/chandru/binp37/bin/texlive_2025/texmf-dist/tex/generic/pgf/basiclayer/pg
fcorescopes.code.tex
File: pgfcorescopes.code.tex 2023-01-15 v3.1.10 (3.1.10)
\pgfpic=\box56
\pgf@hbox=\box57
\pgf@layerbox@main=\box58
\pgf@picture@serial@count=\count295
)
(/home/chandru/binp37/bin/texlive_2025/texmf-dist/tex/generic/pgf/basiclayer/pg
fcoregraphicstate.code.tex
File: pgfcoregraphicstate.code.tex 2023-01-15 v3.1.10 (3.1.10)
\pgflinewidth=\dimen182
)
(/home/chandru/binp37/bin/texlive_2025/texmf-dist/tex/generic/pgf/basiclayer/pg
fcoretransformations.code.tex
File: pgfcoretransformations.code.tex 2023-01-15 v3.1.10 (3.1.10)
\pgf@pt@x=\dimen183
\pgf@pt@y=\dimen184
\pgf@pt@temp=\dimen185
)
(/home/chandru/binp37/bin/texlive_2025/texmf-dist/tex/generic/pgf/basiclayer/pg
fcorequick.code.tex
File: pgfcorequick.code.tex 2023-01-15 v3.1.10 (3.1.10)
)
(/home/chandru/binp37/bin/texlive_2025/texmf-dist/tex/generic/pgf/basiclayer/pg
fcoreobjects.code.tex
File: pgfcoreobjects.code.tex 2023-01-15 v3.1.10 (3.1.10)
)
(/home/chandru/binp37/bin/texlive_2025/texmf-dist/tex/generic/pgf/basiclayer/pg
fcorepathprocessing.code.tex
File: pgfcorepathprocessing.code.tex 2023-01-15 v3.1.10 (3.1.10)
)
(/home/chandru/binp37/bin/texlive_2025/texmf-dist/tex/generic/pgf/basiclayer/pg
fcorearrows.code.tex
File: pgfcorearrows.code.tex 2023-01-15 v3.1.10 (3.1.10)
\pgfarrowsep=\dimen186
)
(/home/chandru/binp37/bin/texlive_2025/texmf-dist/tex/generic/pgf/basiclayer/pg
fcoreshade.code.tex
File: pgfcoreshade.code.tex 2023-01-15 v3.1.10 (3.1.10)
\pgf@max=\dimen187
\pgf@sys@shading@range@num=\count296
\pgf@shadingcount=\count297
)
(/home/chandru/binp37/bin/texlive_2025/texmf-dist/tex/generic/pgf/basiclayer/pg
fcoreimage.code.tex
File: pgfcoreimage.code.tex 2023-01-15 v3.1.10 (3.1.10)
)
(/home/chandru/binp37/bin/texlive_2025/texmf-dist/tex/generic/pgf/basiclayer/pg
fcoreexternal.code.tex
File: pgfcoreexternal.code.tex 2023-01-15 v3.1.10 (3.1.10)
\pgfexternal@startupbox=\box59
)
(/home/chandru/binp37/bin/texlive_2025/texmf-dist/tex/generic/pgf/basiclayer/pg
fcorelayers.code.tex
File: pgfcorelayers.code.tex 2023-01-15 v3.1.10 (3.1.10)
)
(/home/chandru/binp37/bin/texlive_2025/texmf-dist/tex/generic/pgf/basiclayer/pg
fcoretransparency.code.tex
File: pgfcoretransparency.code.tex 2023-01-15 v3.1.10 (3.1.10)
)
(/home/chandru/binp37/bin/texlive_2025/texmf-dist/tex/generic/pgf/basiclayer/pg
fcorepatterns.code.tex
File: pgfcorepatterns.code.tex 2023-01-15 v3.1.10 (3.1.10)
)
(/home/chandru/binp37/bin/texlive_2025/texmf-dist/tex/generic/pgf/basiclayer/pg
fcorerdf.code.tex
File: pgfcorerdf.code.tex 2023-01-15 v3.1.10 (3.1.10)
)))
(/home/chandru/binp37/bin/texlive_2025/texmf-dist/tex/generic/pgf/modules/pgfmo
duleshapes.code.tex
File: pgfmoduleshapes.code.tex 2023-01-15 v3.1.10 (3.1.10)
\pgfnodeparttextbox=\box60
)
(/home/chandru/binp37/bin/texlive_2025/texmf-dist/tex/generic/pgf/modules/pgfmo
duleplot.code.tex
File: pgfmoduleplot.code.tex 2023-01-15 v3.1.10 (3.1.10)
)
(/home/chandru/binp37/bin/texlive_2025/texmf-dist/tex/latex/pgf/compatibility/p
gfcomp-version-0-65.sty
Package: pgfcomp-version-0-65 2023-01-15 v3.1.10 (3.1.10)
\pgf@nodesepstart=\dimen188
\pgf@nodesepend=\dimen189
)
(/home/chandru/binp37/bin/texlive_2025/texmf-dist/tex/latex/pgf/compatibility/p
gfcomp-version-1-18.sty
Package: pgfcomp-version-1-18 2023-01-15 v3.1.10 (3.1.10)
))
(/home/chandru/binp37/bin/texlive_2025/texmf-dist/tex/latex/pgf/utilities/pgffo
r.sty
(/home/chandru/binp37/bin/texlive_2025/texmf-dist/tex/latex/pgf/utilities/pgfke
ys.sty
(/home/chandru/binp37/bin/texlive_2025/texmf-dist/tex/generic/pgf/utilities/pgf
keys.code.tex))
(/home/chandru/binp37/bin/texlive_2025/texmf-dist/tex/latex/pgf/math/pgfmath.st
y
(/home/chandru/binp37/bin/texlive_2025/texmf-dist/tex/generic/pgf/math/pgfmath.
code.tex))
(/home/chandru/binp37/bin/texlive_2025/texmf-dist/tex/generic/pgf/utilities/pgf
for.code.tex
Package: pgffor 2023-01-15 v3.1.10 (3.1.10)
\pgffor@iter=\dimen190
\pgffor@skip=\dimen191
\pgffor@stack=\toks29
\pgffor@toks=\toks30
))
(/home/chandru/binp37/bin/texlive_2025/texmf-dist/tex/generic/pgf/frontendlayer
/tikz/tikz.code.tex
Package: tikz 2023-01-15 v3.1.10 (3.1.10)

(/home/chandru/binp37/bin/texlive_2025/texmf-dist/tex/generic/pgf/libraries/pgf
libraryplothandlers.code.tex
File: pgflibraryplothandlers.code.tex 2023-01-15 v3.1.10 (3.1.10)
\pgf@plot@mark@count=\count298
\pgfplotmarksize=\dimen192
)
\tikz@lastx=\dimen193
\tikz@lasty=\dimen194
\tikz@lastxsaved=\dimen195
\tikz@lastysaved=\dimen196
\tikz@lastmovetox=\dimen197
\tikz@lastmovetoy=\dimen198
\tikzleveldistance=\dimen199
\tikzsiblingdistance=\dimen256
\tikz@figbox=\box61
\tikz@figbox@bg=\box62
\tikz@tempbox=\box63
\tikz@tempbox@bg=\box64
\tikztreelevel=\count299
\tikznumberofchildren=\count300
\tikznumberofcurrentchild=\count301
\tikz@fig@count=\count302

(/home/chandru/binp37/bin/texlive_2025/texmf-dist/tex/generic/pgf/modules/pgfmo
dulematrix.code.tex
File: pgfmodulematrix.code.tex 2023-01-15 v3.1.10 (3.1.10)
\pgfmatrixcurrentrow=\count303
\pgfmatrixcurrentcolumn=\count304
\pgf@matrix@numberofcolumns=\count305
)
\tikz@expandcount=\count306

(/home/chandru/binp37/bin/texlive_2025/texmf-dist/tex/generic/pgf/frontendlayer
/tikz/libraries/tikzlibrarytopaths.code.tex
File: tikzlibrarytopaths.code.tex 2023-01-15 v3.1.10 (3.1.10)
)))
(/home/chandru/binp37/bin/texlive_2025/texmf-dist/tex/generic/pgf/frontendlayer
/tikz/libraries/tikzlibrarypositioning.code.tex
File: tikzlibrarypositioning.code.tex 2023-01-15 v3.1.10 (3.1.10)
)
(/home/chandru/binp37/bin/texlive_2025/texmf-dist/tex/generic/pgf/libraries/pgf
libraryarrows.meta.code.tex
File: pgflibraryarrows.meta.code.tex 2023-01-15 v3.1.10 (3.1.10)
\pgfarrowinset=\dimen257
\pgfarrowlength=\dimen258
\pgfarrowwidth=\dimen259
\pgfarrowlinewidth=\dimen260
)
(/home/chandru/binp37/bin/texlive_2025/texmf-dist/tex/generic/pgf/frontendlayer
/tikz/libraries/tikzlibrarycalc.code.tex
File: tikzlibrarycalc.code.tex 2023-01-15 v3.1.10 (3.1.10)
)
(/home/chandru/binp37/bin/texlive_2025/texmf-dist/tex/generic/pgf/frontendlayer
/tikz/libraries/tikzlibraryshapes.multipart.code.tex
File: tikzlibraryshapes.multipart.code.tex 2023-01-15 v3.1.10 (3.1.10)

(/home/chandru/binp37/bin/texlive_2025/texmf-dist/tex/generic/pgf/libraries/sha
pes/pgflibraryshapes.multipart.code.tex
File: pgflibraryshapes.multipart.code.tex 2023-01-15 v3.1.10 (3.1.10)
\pgfnodepartlowerbox=\box65
\pgfnodeparttwobox=\box66
\pgfnodepartthreebox=\box67
\pgfnodepartfourbox=\box68
\pgfnodeparttwentybox=\box69
\pgfnodepartnineteenbox=\box70
\pgfnodeparteighteenbox=\box71
\pgfnodepartseventeenbox=\box72
\pgfnodepartsixteenbox=\box73
\pgfnodepartfifteenbox=\box74
\pgfnodepartfourteenbox=\box75
\pgfnodepartthirteenbox=\box76
\pgfnodeparttwelvebox=\box77
\pgfnodepartelevenbox=\box78
\pgfnodeparttenbox=\box79
\pgfnodepartninebox=\box80
\pgfnodeparteightbox=\box81
\pgfnodepartsevenbox=\box82
\pgfnodepartsixbox=\box83
\pgfnodepartfivebox=\box84
))
(/home/chandru/binp37/bin/texlive_2025/texmf-dist/tex/latex/l3backend/l3backend
-pdftex.def
File: l3backend-pdftex.def 2025-06-09 L3 backend support: PDF output (pdfTeX)
\l__color_backend_stack_int=\count307
) (./data_splitting.aux)
\openout1 = `data_splitting.aux'.

LaTeX Font Info:    Checking defaults for OML/cmm/m/it on input line 5.
LaTeX Font Info:    ... okay on input line 5.
LaTeX Font Info:    Checking defaults for OMS/cmsy/m/n on input line 5.
LaTeX Font Info:    ... okay on input line 5.
LaTeX Font Info:    Checking defaults for OT1/cmr/m/n on input line 5.
LaTeX Font Info:    ... okay on input line 5.
LaTeX Font Info:    Checking defaults for T1/cmr/m/n on input line 5.
LaTeX Font Info:    ... okay on input line 5.
LaTeX Font Info:    Checking defaults for TS1/cmr/m/n on input line 5.
LaTeX Font Info:    ... okay on input line 5.
LaTeX Font Info:    Checking defaults for OMX/cmex/m/n on input line 5.
LaTeX Font Info:    ... okay on input line 5.
LaTeX Font Info:    Checking defaults for U/cmr/m/n on input line 5.
LaTeX Font Info:    ... okay on input line 5.

(/home/chandru/binp37/bin/texlive_2025/texmf-dist/tex/context/base/mkii/supp-pd
f.mkii
[Loading MPS to PDF converter (version 2006.09.02).]
\scratchcounter=\count308
\scratchdimen=\dimen261
\scratchbox=\box85
\nofMPsegments=\count309
\nofMParguments=\count310
\everyMPshowfont=\toks31
\MPscratchCnt=\count311
\MPscratchDim=\dimen262
\MPnumerator=\count312
\makeMPintoPDFobject=\count313
\everyMPtoPDFconversion=\toks32
)
(/home/chandru/binp37/bin/texlive_2025/texmf-dist/tex/latex/epstopdf-pkg/epstop
df-base.sty
Package: epstopdf-base 2020-01-24 v2.11 Base part for package epstopdf
Package epstopdf-base Info: Redefining graphics rule for `.eps' on input line 4
85.

(/home/chandru/binp37/bin/texlive_2025/texmf-dist/tex/latex/latexconfig/epstopd
f-sys.cfg
File: epstopdf-sys.cfg 2010/07/13 v1.3 Configuration of (r)epstopdf for TeX Liv
e
))
LaTeX Font Info:    External font `cmex10' loaded for size
(Font)              <9> on input line 19.
LaTeX Font Info:    External font `cmex10' loaded for size
(Font)              <6> on input line 19.
LaTeX Font Info:    External font `cmex10' loaded for size
(Font)              <5> on input line 19.
LaTeX Font Info:    External font `cmex10' loaded for size
(Font)              <8> on input line 82.
LaTeX Font Info:    External font `cmex10' loaded for size
(Font)              <7> on input line 88.


[1


Non-PDF special ignored!
<special> papersize=800.994pt,637.29628pt
{/home/chandru/binp37/bin/texlive_2025/texmf-var/fonts/map/pdftex/updmap/pdftex
.map}] (./data_splitting.aux)
 ***********
LaTeX2e <2025-06-01> patch level 1
L3 programming layer <2025-07-11>
 ***********
 ) 
Here is how much of TeX's memory you used:
 13478 strings out of 469288
 294397 string characters out of 5465677
 687618 words of memory out of 5000000
 41672 multiletter control sequences out of 15000+600000
 630487 words of font info for 52 fonts, out of 8000000 for 9000
 319 hyphenation exceptions out of 8191
 102i,7n,107p,460b,675s stack positions out of 10000i,1000n,20000p,200000b,200000s
</home/chandru/binp37/bin/texlive_2025/texmf-dist/fonts/type1/public/amsfonts
/cm/cmbx7.pfb></home/chandru/binp37/bin/texlive_2025/texmf-dist/fonts/type1/pub
lic/amsfonts/cm/cmbx8.pfb></home/chandru/binp37/bin/texlive_2025/texmf-dist/fon
ts/type1/public/amsfonts/cm/cmbx9.pfb></home/chandru/binp37/bin/texlive_2025/te
xmf-dist/fonts/type1/public/amsfonts/cm/cmmi7.pfb></home/chandru/binp37/bin/tex
live_2025/texmf-dist/fonts/type1/public/amsfonts/cm/cmmi8.pfb></home/chandru/bi
np37/bin/texlive_2025/texmf-dist/fonts/type1/public/amsfonts/cm/cmmi9.pfb></hom
e/chandru/binp37/bin/texlive_2025/texmf-dist/fonts/type1/public/amsfonts/cm/cmr
7.pfb></home/chandru/binp37/bin/texlive_2025/texmf-dist/fonts/type1/public/amsf
onts/cm/cmr8.pfb></home/chandru/binp37/bin/texlive_2025/texmf-dist/fonts/type1/
public/amsfonts/cm/cmr9.pfb></home/chandru/binp37/bin/texlive_2025/texmf-dist/f
onts/type1/public/amsfonts/cm/cmsy7.pfb></home/chandru/binp37/bin/texlive_2025/
texmf-dist/fonts/type1/public/amsfonts/cm/cmsy8.pfb></home/chandru/binp37/bin/t
exlive_2025/texmf-dist/fonts/type1/public/amsfonts/cm/cmsy9.pfb>
Output written on data_splitting.pdf (1 page, 128019 bytes).
PDF statistics:
 71 PDF objects out of 1000 (max. 8388607)
 43 compressed objects within 1 object stream
 0 named destinations out of 1000 (max. 500000)
 13 words of extra memory for PDF output out of 10000 (max. 10000000)

